[22/Mar/2026 11:16:31] "GET /mobile/api/v1/customer/requests/?summary_only=1&scope=open HTTP/1.1" 200 640
[22/Mar/2026 11:16:31] "GET /mobile/api/v1/customer/requests/?summary_only=1&scope=agreements HTTP/1.1" 200 640
[22/Mar/2026 11:16:41] "GET /mobile/api/v1/customer/requests/?summary_only=1&scope=agreements HTTP/1.1" 200 640
[22/Mar/2026 11:16:41] "GET /mobile/api/v1/customer/requests/?summary_only=1&scope=open HTTP/1.1" 200 640
[22/Mar/2026 11:16:46] "GET /mobile/api/v1/requests/31/detail/ HTTP/1.1" 200 1724
[22/Mar/2026 11:16:46] "GET /mobile/api/v1/notifications/?limit=10&unread_only=1 HTTP/1.1" 200 1632
[22/Mar/2026 11:16:46,705] - Broken pipe from ('127.0.0.1', 54751)
[22/Mar/2026 11:16:51] "GET /mobile/api/v1/customer/requests/?summary_only=1&scope=agreements HTTP/1.1" 200 640
[22/Mar/2026 11:16:51] "GET /mobile/api/v1/customer/requests/?summary_only=1&scope=open HTTP/1.1" 200 640
[22/Mar/2026 11:17:01] "GET /mobile/api/v1/customer/requests/?summary_only=1&scope=agreements HTTP/1.1" 200 640
[22/Mar/2026 11:17:01] "GET /mobile/api/v1/customer/requests/?summary_only=1&scope=open HTTP/1.1" 200 640
[22/Mar/2026 11:17:03] "GET /mobile/api/v1/me/ HTTP/1.1" 200 527
[22/Mar/2026 11:17:03] "GET /mobile/api/v1/customer/requests/?limit=20&offset=0&scope=agreements HTTP/1.1" 200 3320
[22/Mar/2026 11:17:03] "GET /mobile/api/v1/customer/requests/?limit=20&offset=0&scope=open HTTP/1.1" 200 3307
[22/Mar/2026 11:17:03] "GET /mobile/api/v1/customer/requests/?limit=20&offset=0&scope=open HTTP/1.1" 200 3307
[22/Mar/2026 11:17:15] "GET /mobile/api/v1/notifications/?category=all&limit=20&offset=0 HTTP/1.1" 200 1632
[22/Mar/2026 11:17:26] "GET /mobile/api/v1/notifications/?category=all&summary_only=1 HTTP/1.1" 200 183
[22/Mar/2026 11:17:36] "GET /mobile/api/v1/notifications/?category=all&summary_only=1 HTTP/1.1" 200 183
[22/Mar/2026 11:17:46] "GET /mobile/api/v1/notifications/?category=all&summary_only=1 HTTP/1.1" 200 183
[22/Mar/2026 11:17:56] "GET /mobile/api/v1/notifications/?category=all&summary_only=1 HTTP/1.1" 200 183
[22/Mar/2026 11:18:06] "POST /mobile/api/v1/auth/refresh/ HTTP/1.1" 200 244
[22/Mar/2026 11:18:06] "GET /mobile/api/v1/notifications/?category=all&summary_only=1 HTTP/1.1" 200 183
[22/Mar/2026 11:18:16] "GET /mobile/api/v1/notifications/?category=all&summary_only=1 HTTP/1.1" 200 183
[22/Mar/2026 11:18:26] "GET /mobile/api/v1/notifications/?category=all&summary_only=1 HTTP/1.1" 200 183
[22/Mar/2026 11:18:36] "GET /mobile/api/v1/notifications/?category=all&summary_only=1 HTTP/1.1" 200 183
[22/Mar/2026 11:18:46] "GET /mobile/api/v1/notifications/?category=all&summary_only=1 HTTP/1.1" 200 183
[22/Mar/2026 11:18:56] "GET /mobile/api/v1/notifications/?category=all&summary_only=1 HTTP/1.1" 200 183
[22/Mar/2026 11:19:06] "GET /mobile/api/v1/notifications/?category=all&summary_only=1 HTTP/1.1" 200 183
[22/Mar/2026 11:19:16] "GET /mobile/api/v1/notifications/?category=all&summary_only=1 HTTP/1.1" 200 183
[22/Mar/2026 11:19:26] "GET /mobile/api/v1/notifications/?category=all&summary_only=1 HTTP/1.1" 200 183
[22/Mar/2026 11:19:36] "GET /mobile/api/v1/notifications/?category=all&summary_only=1 HTTP/1.1" 200 183
[22/Mar/2026 11:19:46] "GET /mobile/api/v1/notifications/?category=all&summary_only=1 HTTP/1.1" 200 183
[22/Mar/2026 11:19:56] "GET /mobile/api/v1/notifications/?category=all&summary_only=1 HTTP/1.1" 200 183
[22/Mar/2026 11:20:06] "GET /mobile/api/v1/notifications/?category=all&summary_only=1 HTTP/1.1" 200 183
[22/Mar/2026 11:20:16] "GET /mobile/api/v1/notifications/?category=all&summary_only=1 HTTP/1.1" 200 183
[22/Mar/2026 11:20:26] "GET /mobile/api/v1/notifications/?category=all&summary_only=1 HTTP/1.1" 200 183
[22/Mar/2026 11:20:36] "GET /mobile/api/v1/notifications/?category=all&summary_only=1 HTTP/1.1" 200 183
[22/Mar/2026 11:20:46] "GET /mobile/api/v1/notifications/?category=all&summary_only=1 HTTP/1.1" 200 183
[22/Mar/2026 11:20:56] "GET /mobile/api/v1/notifications/?category=all&summary_only=1 HTTP/1.1" 200 183
[22/Mar/2026 11:21:06] "GET /mobile/api/v1/notifications/?category=all&summary_only=1 HTTP/1.1" 200 183
[22/Mar/2026 11:21:16] "GET /mobile/api/v1/notifications/?category=all&summary_only=1 HTTP/1.1" 200 183
[22/Mar/2026 11:21:26] "GET /mobile/api/v1/notifications/?category=all&summary_only=1 HTTP/1.1" 200 183
[22/Mar/2026 11:21:36] "GET /mobile/api/v1/notifications/?category=all&summary_only=1 HTTP/1.1" 200 183
[22/Mar/2026 11:21:46] "GET /mobile/api/v1/notifications/?category=all&summary_only=1 HTTP/1.1" 200 183
[22/Mar/2026 11:21:56] "GET /mobile/api/v1/notifications/?category=all&summary_only=1 HTTP/1.1" 200 183
[22/Mar/2026 11:22:06] "GET /mobile/api/v1/notifications/?category=all&summary_only=1 HTTP/1.1" 200 183
[22/Mar/2026 11:22:16] "GET /mobile/api/v1/notifications/?category=all&summary_only=1 HTTP/1.1" 200 183
[22/Mar/2026 11:22:26] "GET /mobile/api/v1/notifications/?category=all&summary_only=1 HTTP/1.1" 200 183
[22/Mar/2026 11:22:36] "GET /mobile/api/v1/notifications/?category=all&summary_only=1 HTTP/1.1" 200 183
[22/Mar/2026 11:22:46] "GET /mobile/api/v1/notifications/?category=all&summary_only=1 HTTP/1.1" 200 183
[22/Mar/2026 11:22:56] "GET /mobile/api/v1/notifications/?category=all&summary_only=1 HTTP/1.1" 200 183
[22/Mar/2026 11:23:06] "GET /mobile/api/v1/notifications/?category=all&summary_only=1 HTTP/1.1" 200 183
[22/Mar/2026 11:23:16] "GET /mobile/api/v1/notifications/?category=all&summary_only=1 HTTP/1.1" 200 183
[22/Mar/2026 11:23:26] "GET /mobile/api/v1/notifications/?category=all&summary_only=1 HTTP/1.1" 200 183
[22/Mar/2026 11:23:36] "GET /mobile/api/v1/notifications/?category=all&summary_only=1 HTTP/1.1" 200 183
[22/Mar/2026 11:23:46] "GET /mobile/api/v1/notifications/?category=all&summary_only=1 HTTP/1.1" 200 183
[22/Mar/2026 11:23:56] "GET /mobile/api/v1/notifications/?category=all&summary_only=1 HTTP/1.1" 200 183
[22/Mar/2026 11:24:06] "GET /mobile/api/v1/notifications/?category=all&summary_only=1 HTTP/1.1" 200 183
[22/Mar/2026 11:24:16] "GET /mobile/api/v1/notifications/?category=all&summary_only=1 HTTP/1.1" 200 183
[22/Mar/2026 11:24:26] "GET /mobile/api/v1/notifications/?category=all&summary_only=1 HTTP/1.1" 200 183
[22/Mar/2026 11:24:36] "GET /mobile/api/v1/notifications/?category=all&summary_only=1 HTTP/1.1" 200 183
[22/Mar/2026 11:24:46] "GET /mobile/api/v1/notifications/?category=all&summary_only=1 HTTP/1.1" 200 183
[22/Mar/2026 11:24:56] "GET /mobile/api/v1/notifications/?category=all&summary_only=1 HTTP/1.1" 200 183
[22/Mar/2026 11:25:06] "GET /mobile/api/v1/notifications/?category=all&summary_only=1 HTTP/1.1" 200 183
[22/Mar/2026 11:25:16] "GET /mobile/api/v1/notifications/?category=all&summary_only=1 HTTP/1.1" 200 183
[22/Mar/2026 11:25:26] "GET /mobile/api/v1/notifications/?category=all&summary_only=1 HTTP/1.1" 200 183
[22/Mar/2026 11:25:36] "GET /mobile/api/v1/notifications/?category=all&summary_only=1 HTTP/1.1" 200 183
[22/Mar/2026 11:25:46] "GET /mobile/api/v1/notifications/?category=all&summary_only=1 HTTP/1.1" 200 183
[22/Mar/2026 11:25:56] "GET /mobile/api/v1/notifications/?category=all&summary_only=1 HTTP/1.1" 200 183
[22/Mar/2026 11:26:06] "GET /mobile/api/v1/notifications/?category=all&summary_only=1 HTTP/1.1" 200 183
[22/Mar/2026 11:26:16] "GET /mobile/api/v1/notifications/?category=all&summary_only=1 HTTP/1.1" 200 183
[22/Mar/2026 11:26:26] "GET /mobile/api/v1/notifications/?category=all&summary_only=1 HTTP/1.1" 200 183
[22/Mar/2026 11:26:36] "GET /mobile/api/v1/notifications/?category=all&summary_only=1 HTTP/1.1" 200 183
[22/Mar/2026 11:26:46] "GET /mobile/api/v1/notifications/?category=all&summary_only=1 HTTP/1.1" 200 183
[22/Mar/2026 11:26:56] "GET /mobile/api/v1/notifications/?category=all&summary_only=1 HTTP/1.1" 200 183
[22/Mar/2026 11:27:06] "GET /mobile/api/v1/notifications/?category=all&summary_only=1 HTTP/1.1" 200 183
[22/Mar/2026 11:27:16] "GET /mobile/api/v1/notifications/?category=all&summary_only=1 HTTP/1.1" 200 183
[22/Mar/2026 11:27:26] "GET /mobile/api/v1/notifications/?category=all&summary_only=1 HTTP/1.1" 200 183
[22/Mar/2026 11:27:36] "GET /mobile/api/v1/notifications/?category=all&summary_only=1 HTTP/1.1" 200 183
[22/Mar/2026 11:27:46] "GET /mobile/api/v1/notifications/?category=all&summary_only=1 HTTP/1.1" 200 183
[22/Mar/2026 11:27:56] "GET /mobile/api/v1/notifications/?category=all&summary_only=1 HTTP/1.1" 200 183
[22/Mar/2026 11:28:06] "GET /mobile/api/v1/notifications/?category=all&summary_only=1 HTTP/1.1" 200 183
[22/Mar/2026 11:28:16] "GET /mobile/api/v1/notifications/?category=all&summary_only=1 HTTP/1.1" 200 183
[22/Mar/2026 11:28:26] "GET /mobile/api/v1/notifications/?category=all&summary_only=1 HTTP/1.1" 200 183
[22/Mar/2026 11:28:36] "GET /mobile/api/v1/notifications/?category=all&summary_only=1 HTTP/1.1" 200 183
[22/Mar/2026 11:28:46] "GET /mobile/api/v1/notifications/?category=all&summary_only=1 HTTP/1.1" 200 183
[22/Mar/2026 11:28:56] "GET /mobile/api/v1/notifications/?category=all&summary_only=1 HTTP/1.1" 200 183
[22/Mar/2026 11:29:06] "GET /mobile/api/v1/notifications/?category=all&summary_only=1 HTTP/1.1" 200 183
[22/Mar/2026 11:29:16] "GET /mobile/api/v1/notifications/?category=all&summary_only=1 HTTP/1.1" 200 183
[22/Mar/2026 11:29:26] "GET /mobile/api/v1/notifications/?category=all&summary_only=1 HTTP/1.1" 200 183
[22/Mar/2026 11:29:36] "GET /mobile/api/v1/notifications/?category=all&summary_only=1 HTTP/1.1" 200 183
[22/Mar/2026 11:29:46] "GET /mobile/api/v1/notifications/?category=all&summary_only=1 HTTP/1.1" 200 183
[22/Mar/2026 11:29:56] "GET /mobile/api/v1/notifications/?category=all&summary_only=1 HTTP/1.1" 200 183
[22/Mar/2026 11:30:06] "GET /mobile/api/v1/notifications/?category=all&summary_only=1 HTTP/1.1" 200 183
[22/Mar/2026 11:30:16] "GET /mobile/api/v1/notifications/?category=all&summary_only=1 HTTP/1.1" 200 183
[22/Mar/2026 11:30:26] "GET /mobile/api/v1/notifications/?category=all&summary_only=1 HTTP/1.1" 200 183
[22/Mar/2026 11:30:36] "GET /mobile/api/v1/notifications/?category=all&summary_only=1 HTTP/1.1" 200 183
[22/Mar/2026 11:30:46] "GET /mobile/api/v1/notifications/?category=all&summary_only=1 HTTP/1.1" 200 183
[22/Mar/2026 11:30:56] "GET /mobile/api/v1/notifications/?category=all&summary_only=1 HTTP/1.1" 200 183
[22/Mar/2026 11:31:06] "GET /mobile/api/v1/notifications/?category=all&summary_only=1 HTTP/1.1" 200 183
[22/Mar/2026 11:31:16] "GET /mobile/api/v1/notifications/?category=all&summary_only=1 HTTP/1.1" 200 183
[22/Mar/2026 11:31:26] "GET /mobile/api/v1/notifications/?category=all&summary_only=1 HTTP/1.1" 200 183
[22/Mar/2026 11:31:36] "GET /mobile/api/v1/notifications/?category=all&summary_only=1 HTTP/1.1" 200 183
[22/Mar/2026 11:31:46] "GET /mobile/api/v1/notifications/?category=all&summary_only=1 HTTP/1.1" 200 183
[22/Mar/2026 11:31:56] "GET /mobile/api/v1/notifications/?category=all&summary_only=1 HTTP/1.1" 200 183
[22/Mar/2026 11:32:06] "GET /mobile/api/v1/notifications/?category=all&summary_only=1 HTTP/1.1" 200 183
[22/Mar/2026 11:32:16] "GET /mobile/api/v1/notifications/?category=all&summary_only=1 HTTP/1.1" 200 183
[22/Mar/2026 11:32:26] "GET /mobile/api/v1/notifications/?category=all&summary_only=1 HTTP/1.1" 200 183
[22/Mar/2026 11:32:36] "GET /mobile/api/v1/notifications/?category=all&summary_only=1 HTTP/1.1" 200 183
[22/Mar/2026 11:32:46] "GET /mobile/api/v1/notifications/?category=all&summary_only=1 HTTP/1.1" 200 183
[22/Mar/2026 11:32:56] "GET /mobile/api/v1/notifications/?category=all&summary_only=1 HTTP/1.1" 200 183
[22/Mar/2026 11:33:06] "GET /mobile/api/v1/notifications/?category=all&summary_only=1 HTTP/1.1" 200 183
[22/Mar/2026 11:33:16] "GET /mobile/api/v1/notifications/?category=all&summary_only=1 HTTP/1.1" 200 183
[22/Mar/2026 11:33:26] "GET /mobile/api/v1/notifications/?category=all&summary_only=1 HTTP/1.1" 200 183
[22/Mar/2026 11:33:36] "GET /mobile/api/v1/notifications/?category=all&summary_only=1 HTTP/1.1" 200 183
[22/Mar/2026 11:33:46] "GET /mobile/api/v1/notifications/?category=all&summary_only=1 HTTP/1.1" 200 183
[22/Mar/2026 11:33:56] "GET /mobile/api/v1/notifications/?category=all&summary_only=1 HTTP/1.1" 200 183
[22/Mar/2026 11:34:06] "GET /mobile/api/v1/notifications/?category=all&summary_only=1 HTTP/1.1" 200 183
[22/Mar/2026 11:34:16] "GET /mobile/api/v1/notifications/?category=all&summary_only=1 HTTP/1.1" 200 183
[22/Mar/2026 11:34:26] "GET /mobile/api/v1/notifications/?category=all&summary_only=1 HTTP/1.1" 200 183
[22/Mar/2026 11:34:36] "GET /mobile/api/v1/notifications/?category=all&summary_only=1 HTTP/1.1" 200 183
[22/Mar/2026 11:34:46] "GET /mobile/api/v1/notifications/?category=all&summary_only=1 HTTP/1.1" 200 183
[22/Mar/2026 11:34:54] "GET /mobile/api/v1/customer/requests/?summary_only=1&scope=open HTTP/1.1" 200 640
[22/Mar/2026 11:34:54] "GET /mobile/api/v1/customer/requests/?summary_only=1&scope=agreements HTTP/1.1" 200 640
[22/Mar/2026 11:34:58] "GET /mobile/api/v1/customer/requests/?summary_only=1&scope=open HTTP/1.1" 200 640
[22/Mar/2026 11:34:58] "GET /mobile/api/v1/customer/requests/?summary_only=1&scope=agreements HTTP/1.1" 200 640
[22/Mar/2026 11:35:03] "GET /mobile/api/v1/customer/requests/?limit=20&offset=0&scope=open HTTP/1.1" 200 3307
[22/Mar/2026 11:35:11] "GET /mobile/api/v1/customer/requests/?summary_only=1&scope=agreements HTTP/1.1" 200 640
[22/Mar/2026 11:35:11] "GET /mobile/api/v1/customer/requests/?summary_only=1&scope=open HTTP/1.1" 200 640
[22/Mar/2026 11:35:11] "GET /mobile/api/v1/customer/requests/?summary_only=1&scope=open HTTP/1.1" 200 640
[22/Mar/2026 11:35:11] "GET /mobile/api/v1/customer/requests/?summary_only=1&scope=agreements HTTP/1.1" 200 640
[22/Mar/2026 11:39:17] "POST /mobile/api/v1/auth/login/ HTTP/1.1" 200 993
[22/Mar/2026 11:39:17] "GET /musteri/giris/ HTTP/1.1" 200 12077
[22/Mar/2026 11:39:17] "POST /musteri/giris/ HTTP/1.1" 302 0
[22/Mar/2026 11:39:18] "GET /mobile/api/v1/me/ HTTP/1.1" 200 505
[22/Mar/2026 11:39:18] "GET /mobile/api/v1/customer/requests/?limit=20&offset=0&scope=open HTTP/1.1" 200 495
[22/Mar/2026 11:39:18] "GET /mobile/api/v1/customer/requests/?limit=20&offset=0&scope=agreements HTTP/1.1" 200 7665
[22/Mar/2026 11:39:18] "GET /mobile/api/v1/customer/requests/?limit=20&offset=0&scope=open HTTP/1.1" 200 495
[22/Mar/2026 11:39:32] "GET /mobile/api/v1/customer/requests/?summary_only=1&scope=open HTTP/1.1" 200 460
[22/Mar/2026 11:39:32] "GET /mobile/api/v1/customer/requests/?summary_only=1&scope=agreements HTTP/1.1" 200 641
[22/Mar/2026 11:39:47] "GET /mobile/api/v1/customer/requests/?summary_only=1&scope=open HTTP/1.1" 200 460
[22/Mar/2026 11:39:47] "GET /mobile/api/v1/customer/requests/?summary_only=1&scope=agreements HTTP/1.1" 200 641
[22/Mar/2026 11:40:02] "GET /mobile/api/v1/customer/requests/?summary_only=1&scope=open HTTP/1.1" 200 460
[22/Mar/2026 11:40:02] "GET /mobile/api/v1/customer/requests/?summary_only=1&scope=agreements HTTP/1.1" 200 641
[22/Mar/2026 11:40:17] "GET /mobile/api/v1/customer/requests/?summary_only=1&scope=agreements HTTP/1.1" 200 641
[22/Mar/2026 11:40:17] "GET /mobile/api/v1/customer/requests/?summary_only=1&scope=open HTTP/1.1" 200 460
[22/Mar/2026 11:40:32] "GET /mobile/api/v1/customer/requests/?summary_only=1&scope=open HTTP/1.1" 200 460
[22/Mar/2026 11:40:32] "GET /mobile/api/v1/customer/requests/?summary_only=1&scope=agreements HTTP/1.1" 200 641
[22/Mar/2026 11:40:47] "GET /mobile/api/v1/customer/requests/?summary_only=1&scope=open HTTP/1.1" 200 460
[22/Mar/2026 11:40:47] "GET /mobile/api/v1/customer/requests/?summary_only=1&scope=agreements HTTP/1.1" 200 641
[22/Mar/2026 11:41:02] "GET /mobile/api/v1/customer/requests/?summary_only=1&scope=open HTTP/1.1" 200 460
[22/Mar/2026 11:41:02] "GET /mobile/api/v1/customer/requests/?summary_only=1&scope=agreements HTTP/1.1" 200 641
[22/Mar/2026 11:41:17] "GET /mobile/api/v1/customer/requests/?summary_only=1&scope=agreements HTTP/1.1" 200 641
[22/Mar/2026 11:41:17] "GET /mobile/api/v1/customer/requests/?summary_only=1&scope=open HTTP/1.1" 200 460
[22/Mar/2026 11:41:32] "GET /mobile/api/v1/customer/requests/?summary_only=1&scope=agreements HTTP/1.1" 200 641
[22/Mar/2026 11:41:32] "GET /mobile/api/v1/customer/requests/?summary_only=1&scope=open HTTP/1.1" 200 460
[22/Mar/2026 11:41:47] "GET /mobile/api/v1/customer/requests/?summary_only=1&scope=agreements HTTP/1.1" 200 641
[22/Mar/2026 11:41:47] "GET /mobile/api/v1/customer/requests/?summary_only=1&scope=open HTTP/1.1" 200 460
[22/Mar/2026 11:42:02] "GET /mobile/api/v1/customer/requests/?summary_only=1&scope=open HTTP/1.1" 200 460
[22/Mar/2026 11:42:02] "GET /mobile/api/v1/customer/requests/?summary_only=1&scope=agreements HTTP/1.1" 200 641
[22/Mar/2026 11:42:17] "GET /mobile/api/v1/customer/requests/?summary_only=1&scope=open HTTP/1.1" 200 460
[22/Mar/2026 11:42:17] "GET /mobile/api/v1/customer/requests/?summary_only=1&scope=agreements HTTP/1.1" 200 641
[22/Mar/2026 11:42:32] "GET /mobile/api/v1/customer/requests/?summary_only=1&scope=agreements HTTP/1.1" 200 641
[22/Mar/2026 11:42:32] "GET /mobile/api/v1/customer/requests/?summary_only=1&scope=open HTTP/1.1" 200 460
[22/Mar/2026 11:42:47] "GET /mobile/api/v1/customer/requests/?summary_only=1&scope=open HTTP/1.1" 200 460
[22/Mar/2026 11:42:47] "GET /mobile/api/v1/customer/requests/?summary_only=1&scope=agreements HTTP/1.1" 200 641
[22/Mar/2026 11:42:59] "GET /mobile/api/v1/notification-preferences/ HTTP/1.1" 200 110
[22/Mar/2026 11:43:14] "POST /mobile/api/v1/auth/login/ HTTP/1.1" 200 993
[22/Mar/2026 11:43:14] "GET /musteri/giris/ HTTP/1.1" 200 12077
[22/Mar/2026 11:43:15] "POST /musteri/giris/ HTTP/1.1" 302 0
[22/Mar/2026 11:43:15] "GET /mobile/api/v1/me/ HTTP/1.1" 200 505
[22/Mar/2026 11:43:15] "GET /mobile/api/v1/customer/requests/?limit=20&offset=0&scope=open HTTP/1.1" 200 495
[22/Mar/2026 11:43:15] "GET /mobile/api/v1/customer/requests/?limit=20&offset=0&scope=agreements HTTP/1.1" 200 7665
[22/Mar/2026 11:43:15] "GET /mobile/api/v1/customer/requests/?limit=20&offset=0&scope=open HTTP/1.1" 200 495
[22/Mar/2026 11:43:30] "GET /mobile/api/v1/customer/requests/?summary_only=1&scope=agreements HTTP/1.1" 200 641
[22/Mar/2026 11:43:30] "GET /mobile/api/v1/customer/requests/?summary_only=1&scope=open HTTP/1.1" 200 460
[22/Mar/2026 11:43:39] "GET /mobile/api/v1/customer/requests/?summary_only=1&scope=agreements HTTP/1.1" 200 641
[22/Mar/2026 11:43:39] "GET /mobile/api/v1/customer/requests/?summary_only=1&scope=open HTTP/1.1" 200 460
[22/Mar/2026 11:43:39] "GET /mobile/api/v1/customer/requests/?limit=20&offset=0&scope=open HTTP/1.1" 200 495
[22/Mar/2026 11:43:42] "GET /mobile/api/v1/customer/requests/?summary_only=1&scope=open HTTP/1.1" 200 460
[22/Mar/2026 11:43:42] "GET /mobile/api/v1/customer/requests/?summary_only=1&scope=agreements HTTP/1.1" 200 641
[22/Mar/2026 11:43:43] "GET /mobile/api/v1/marketplace/bootstrap/ HTTP/1.1" 200 10218
[22/Mar/2026 11:43:43] "GET /mobile/api/v1/marketplace/providers/?limit=20&offset=0&sort_by=relevance HTTP/1.1" 200 1488
[22/Mar/2026 11:43:51] "GET /mobile/api/v1/marketplace/providers/?limit=20&offset=0&sort_by=relevance&service_type=26&city=Lefko%C5%9Fa HTTP/1.1" 200 125
[22/Mar/2026 11:43:55] "GET /mobile/api/v1/marketplace/providers/?limit=20&offset=0&sort_by=relevance&service_type=26&city=Gazima%C4%9Fusa HTTP/1.1" 200 699
[22/Mar/2026 11:44:04] "GET /mobile/api/v1/marketplace/providers/?limit=20&offset=0&sort_by=relevance&query=ddc&service_type=26&city=Gazima%C4%9Fusa HTTP/1.1" 200 125
[22/Mar/2026 11:44:10] "GET /mobile/api/v1/marketplace/providers/?limit=20&offset=0&sort_by=relevance&query=ddc&service_type=26 HTTP/1.1" 200 125
[22/Mar/2026 11:44:15] "GET /mobile/api/v1/marketplace/providers/?limit=20&offset=0&sort_by=relevance&query=ddc HTTP/1.1" 200 620
[22/Mar/2026 11:44:19] "GET /mobile/api/v1/marketplace/bootstrap/?preferred_provider_id=1 HTTP/1.1" 200 6767
[22/Mar/2026 11:44:24] "POST /mobile/api/v1/customer/requests/create/ HTTP/1.1" 201 741
[22/Mar/2026 11:44:42] "GET /mobile/api/v1/me/ HTTP/1.1" 200 505
[22/Mar/2026 11:44:42] "GET /mobile/api/v1/customer/requests/?limit=20&offset=0&scope=open HTTP/1.1" 200 1235
[22/Mar/2026 11:44:42] "GET /mobile/api/v1/customer/requests/?limit=20&offset=0&scope=agreements HTTP/1.1" 200 7665
[22/Mar/2026 11:44:42] "GET /mobile/api/v1/customer/requests/?limit=20&offset=0&scope=open HTTP/1.1" 200 1235
[22/Mar/2026 11:44:55] "GET /mobile/api/v1/customer/requests/?summary_only=1&scope=agreements HTTP/1.1" 200 641
[22/Mar/2026 11:44:55] "GET /mobile/api/v1/customer/requests/?summary_only=1&scope=open HTTP/1.1" 200 550
[22/Mar/2026 11:45:01] "GET /mobile/api/v1/requests/33/detail/ HTTP/1.1" 200 1700
[22/Mar/2026 11:45:08] "GET /mobile/api/v1/requests/33/detail/ HTTP/1.1" 200 1700
[22/Mar/2026 11:45:10] "POST /mobile/api/v1/customer/requests/33/cancel/ HTTP/1.1" 200 354
[22/Mar/2026 11:45:10] "GET /mobile/api/v1/customer/requests/?summary_only=1&scope=agreements HTTP/1.1" 200 641
[22/Mar/2026 11:45:10] "GET /mobile/api/v1/customer/requests/?summary_only=1&scope=open HTTP/1.1" 200 460
[22/Mar/2026 11:45:10] "GET /mobile/api/v1/customer/requests/?limit=20&offset=0&scope=open HTTP/1.1" 200 495
[22/Mar/2026 11:45:10] "GET /mobile/api/v1/customer/requests/?limit=20&offset=0&scope=agreements HTTP/1.1" 200 7665
[22/Mar/2026 11:45:10] "GET /mobile/api/v1/customer/requests/?limit=20&offset=0&scope=open HTTP/1.1" 200 495
[22/Mar/2026 11:45:11] "GET /mobile/api/v1/me/ HTTP/1.1" 200 505
[22/Mar/2026 11:45:12] "GET /mobile/api/v1/customer/requests/?limit=20&offset=0&scope=open HTTP/1.1" 200 495
[22/Mar/2026 11:45:12] "GET /mobile/api/v1/customer/requests/?limit=20&offset=0&scope=agreements HTTP/1.1" 200 7665
[22/Mar/2026 11:45:12] "GET /mobile/api/v1/customer/requests/?limit=20&offset=0&scope=open HTTP/1.1" 200 495
[22/Mar/2026 11:45:14] "GET /mobile/api/v1/marketplace/bootstrap/ HTTP/1.1" 200 10218
[22/Mar/2026 11:45:14] "GET /mobile/api/v1/marketplace/providers/?limit=20&offset=0&sort_by=relevance HTTP/1.1" 200 1488
[22/Mar/2026 11:45:17] "GET /mobile/api/v1/marketplace/bootstrap/?preferred_provider_id=1 HTTP/1.1" 200 6767
[22/Mar/2026 11:45:21] "POST /mobile/api/v1/customer/requests/create/ HTTP/1.1" 201 740
[22/Mar/2026 11:45:23] "GET /mobile/api/v1/me/ HTTP/1.1" 200 505
[22/Mar/2026 11:45:24] "GET /mobile/api/v1/customer/requests/?limit=20&offset=0&scope=open HTTP/1.1" 200 1234
[22/Mar/2026 11:45:24] "GET /mobile/api/v1/customer/requests/?limit=20&offset=0&scope=agreements HTTP/1.1" 200 7665
[22/Mar/2026 11:45:24] "GET /mobile/api/v1/customer/requests/?limit=20&offset=0&scope=open HTTP/1.1" 200 1234
[22/Mar/2026 11:45:35] "GET /mobile/api/v1/customer/requests/?summary_only=1&scope=agreements HTTP/1.1" 200 641
[22/Mar/2026 11:45:35] "GET /mobile/api/v1/customer/requests/?summary_only=1&scope=open HTTP/1.1" 200 550
[22/Mar/2026 11:45:50] "GET /mobile/api/v1/customer/requests/?summary_only=1&scope=open HTTP/1.1" 200 550
[22/Mar/2026 11:45:50] "GET /mobile/api/v1/customer/requests/?summary_only=1&scope=agreements HTTP/1.1" 200 641
[22/Mar/2026 11:45:55] "GET /mobile/api/v1/customer/requests/?summary_only=1&scope=agreements HTTP/1.1" 200 641
[22/Mar/2026 11:45:55] "GET /mobile/api/v1/customer/requests/?summary_only=1&scope=open HTTP/1.1" 200 550
[22/Mar/2026 11:45:56] "GET /mobile/api/v1/customer/requests/?summary_only=1&scope=open HTTP/1.1" 200 550
[22/Mar/2026 11:45:56] "GET /mobile/api/v1/customer/requests/?summary_only=1&scope=agreements HTTP/1.1" 200 641
[22/Mar/2026 11:45:56] "GET /mobile/api/v1/customer/requests/?summary_only=1&scope=open HTTP/1.1" 200 550
[22/Mar/2026 11:45:56] "GET /mobile/api/v1/customer/requests/?summary_only=1&scope=agreements HTTP/1.1" 200 641
[22/Mar/2026 11:45:58] "GET /mobile/api/v1/requests/34/detail/ HTTP/1.1" 200 1699
[22/Mar/2026 11:46:08] "GET /mobile/api/v1/requests/34/detail/?summary_only=1 HTTP/1.1" 200 324
[22/Mar/2026 11:46:18] "GET /mobile/api/v1/requests/34/detail/?summary_only=1 HTTP/1.1" 200 324
[22/Mar/2026 11:46:28] "GET /mobile/api/v1/requests/34/detail/?summary_only=1 HTTP/1.1" 200 324
[22/Mar/2026 11:46:38] "GET /mobile/api/v1/requests/34/detail/?summary_only=1 HTTP/1.1" 200 324
[22/Mar/2026 11:46:48] "GET /mobile/api/v1/requests/34/detail/?summary_only=1 HTTP/1.1" 200 324
